AutoDock Vina v1.2.7
#################################################################
# If you used AutoDock Vina in your work, please cite:          #
#                                                               #
# J. Eberhardt, D. Santos-Martins, A. F. Tillack, and S. Forli  #
# AutoDock Vina 1.2.0: New Docking Methods, Expanded Force      #
# Field, and Python Bindings, J. Chem. Inf. Model. (2021)       #
# DOI 10.1021/acs.jcim.1c00203                                  #
#                                                               #
# O. Trott, A. J. Olson,                                        #
# AutoDock Vina: improving the speed and accuracy of docking    #
# with a new scoring function, efficient optimization and       #
# multithreading, J. Comp. Chem. (2010)                         #
# DOI 10.1002/jcc.21334                                         #
#                                                               #
# Please see https://github.com/ccsb-scripps/AutoDock-Vina for  #
# more information.                                             #
#################################################################

Scoring function : vina
Rigid receptor: /Users/max/Desktop/HIV_Selectivity_Project/01_proteins/cathepsin_d.pdbqt
Ligand: /Users/max/Desktop/HIV_Selectivity_Project/02_ligands/library/saquinavir.pdbqt
Grid center: X 20.298 Y 95.89 Z 9.058
Grid size  : X 22.5 Y 27.8 Z 22.5
Grid space : 0.375
Exhaustiveness: 8
CPU: 0
Verbosity: 1

Computing Vina grid ... done.
Performing docking (random seed: 1) ... 
0%   10   20   30   40   50   60   70   80   90   100%
|----|----|----|----|----|----|----|----|----|----|
***************************************************

mode |   affinity | dist from best mode
     | (kcal/mol) | rmsd l.b.| rmsd u.b.
-----+------------+----------+----------
   1       -9.952          0          0
   2       -9.495      2.025        3.1
   3       -9.334      1.885       3.05
   4       -8.993      1.684      3.849
   5       -8.831      2.235      5.826
   6       -8.601      3.559      7.244
   7       -8.586      2.244      3.258
   8       -8.532      2.996      6.148
   9       -8.273      2.967      5.344
