AutoDock Vina v1.2.7
#################################################################
# If you used AutoDock Vina in your work, please cite:          #
#                                                               #
# J. Eberhardt, D. Santos-Martins, A. F. Tillack, and S. Forli  #
# AutoDock Vina 1.2.0: New Docking Methods, Expanded Force      #
# Field, and Python Bindings, J. Chem. Inf. Model. (2021)       #
# DOI 10.1021/acs.jcim.1c00203                                  #
#                                                               #
# O. Trott, A. J. Olson,                                        #
# AutoDock Vina: improving the speed and accuracy of docking    #
# with a new scoring function, efficient optimization and       #
# multithreading, J. Comp. Chem. (2010)                         #
# DOI 10.1002/jcc.21334                                         #
#                                                               #
# Please see https://github.com/ccsb-scripps/AutoDock-Vina for  #
# more information.                                             #
#################################################################

Scoring function : vina
Rigid receptor: /Users/max/Desktop/HIV_Selectivity_Project/01_proteins/cathepsin_d.pdbqt
Ligand: /Users/max/Desktop/HIV_Selectivity_Project/02_ligands/library/atazanavir.pdbqt
Grid center: X 20.298 Y 95.89 Z 9.058
Grid size  : X 22.5 Y 27.8 Z 22.5
Grid space : 0.375
Exhaustiveness: 8
CPU: 0
Verbosity: 1

Computing Vina grid ... done.
Performing docking (random seed: 1) ... 
0%   10   20   30   40   50   60   70   80   90   100%
|----|----|----|----|----|----|----|----|----|----|
***************************************************

mode |   affinity | dist from best mode
     | (kcal/mol) | rmsd l.b.| rmsd u.b.
-----+------------+----------+----------
   1       -8.443          0          0
   2       -8.426      2.355      10.24
   3       -8.262      1.805      2.627
   4       -8.104      2.841      5.473
   5       -7.894      2.698       10.6
   6       -7.867       2.45      10.26
   7       -7.821       2.05      2.994
   8        -7.81      8.935      14.74
   9       -7.762      2.549      10.46
