AutoDock Vina v1.2.7
#################################################################
# If you used AutoDock Vina in your work, please cite:          #
#                                                               #
# J. Eberhardt, D. Santos-Martins, A. F. Tillack, and S. Forli  #
# AutoDock Vina 1.2.0: New Docking Methods, Expanded Force      #
# Field, and Python Bindings, J. Chem. Inf. Model. (2021)       #
# DOI 10.1021/acs.jcim.1c00203                                  #
#                                                               #
# O. Trott, A. J. Olson,                                        #
# AutoDock Vina: improving the speed and accuracy of docking    #
# with a new scoring function, efficient optimization and       #
# multithreading, J. Comp. Chem. (2010)                         #
# DOI 10.1002/jcc.21334                                         #
#                                                               #
# Please see https://github.com/ccsb-scripps/AutoDock-Vina for  #
# more information.                                             #
#################################################################

Scoring function : vina
Rigid receptor: /Users/max/Desktop/HIV_Selectivity_Project/01_proteins/hiv_protease.pdbqt
Ligand: /Users/max/Desktop/HIV_Selectivity_Project/02_ligands/library/dmp323.pdbqt
Grid center: X 10.892 Y 23.057 Z 3.736
Grid size  : X 25.1 Y 22.5 Z 22.5
Grid space : 0.375
Exhaustiveness: 8
CPU: 0
Verbosity: 1

Computing Vina grid ... done.
Performing docking (random seed: 1) ... 
0%   10   20   30   40   50   60   70   80   90   100%
|----|----|----|----|----|----|----|----|----|----|
***************************************************

mode |   affinity | dist from best mode
     | (kcal/mol) | rmsd l.b.| rmsd u.b.
-----+------------+----------+----------
   1       -8.285          0          0
   2       -8.007      1.647      6.161
   3        -7.92      1.703      6.277
   4         -7.7        2.6      9.095
   5       -7.406      1.951      4.156
   6       -7.218      4.701      11.23
   7       -7.198      4.066      10.12
   8       -6.873      4.305      10.31
   9       -6.747      5.926      10.74
