AutoDock Vina v1.2.7
#################################################################
# If you used AutoDock Vina in your work, please cite:          #
#                                                               #
# J. Eberhardt, D. Santos-Martins, A. F. Tillack, and S. Forli  #
# AutoDock Vina 1.2.0: New Docking Methods, Expanded Force      #
# Field, and Python Bindings, J. Chem. Inf. Model. (2021)       #
# DOI 10.1021/acs.jcim.1c00203                                  #
#                                                               #
# O. Trott, A. J. Olson,                                        #
# AutoDock Vina: improving the speed and accuracy of docking    #
# with a new scoring function, efficient optimization and       #
# multithreading, J. Comp. Chem. (2010)                         #
# DOI 10.1002/jcc.21334                                         #
#                                                               #
# Please see https://github.com/ccsb-scripps/AutoDock-Vina for  #
# more information.                                             #
#################################################################

Scoring function : vina
Rigid receptor: /Users/max/Desktop/HIV_Selectivity_Project/01_proteins/hiv_protease.pdbqt
Ligand: /Users/max/Desktop/HIV_Selectivity_Project/02_ligands/library/lopinavir.pdbqt
Grid center: X 10.892 Y 23.057 Z 3.736
Grid size  : X 25.1 Y 22.5 Z 22.5
Grid space : 0.375
Exhaustiveness: 8
CPU: 0
Verbosity: 1

Computing Vina grid ... done.
Performing docking (random seed: 1) ... 
0%   10   20   30   40   50   60   70   80   90   100%
|----|----|----|----|----|----|----|----|----|----|
***************************************************

mode |   affinity | dist from best mode
     | (kcal/mol) | rmsd l.b.| rmsd u.b.
-----+------------+----------+----------
   1       -10.68          0          0
   2       -10.21      1.804      3.894
   3       -10.01      1.987      10.54
   4       -9.846      1.456       4.07
   5       -9.737      2.239      10.21
   6       -9.654      2.108      9.809
   7       -9.528      2.044      5.396
   8        -9.49      2.346      5.267
   9       -9.475      1.918      4.422
